<?xml version="1.0" encoding="UTF-8"?>
<!-- Generated by org.testng.reporters.JUnitReportReporter -->
<testsuite hostname="user" failures="0" tests="2" name="com.naveenautomationlabs.AutomationFramework.Tests.MyAccountTest" time="70.431" errors="0" timestamp="2023-07-09T17:18:00 EDT" skipped="0">
  <testcase classname="com.naveenautomationlabs.AutomationFramework.Tests.MyAccountTest" name="validateLogin" time="24.911"/>
  <system-out/>
  <testcase classname="com.naveenautomationlabs.AutomationFramework.Tests.MyAccountTest" name="validateRegisterUsingValidCredentials" time="45.520"/>
  <system-out/>
</testsuite> <!-- com.naveenautomationlabs.AutomationFramework.Tests.MyAccountTest -->
