<?xml version="1.0" encoding="UTF-8"?>
<!-- Generated by org.testng.reporters.JUnitReportReporter -->
<testsuite hostname="user" failures="0" tests="1" name="com.naveenautomationlabs.AutomationFramework.Tests.WebTablesTest" time="6.890" errors="0" timestamp="2023-06-28T15:12:48 EDT" skipped="0">
  <testcase classname="com.naveenautomationlabs.AutomationFramework.Tests.WebTablesTest" name="verifyTableHeaders" time="6.890"/>
  <system-out/>
</testsuite> <!-- com.naveenautomationlabs.AutomationFramework.Tests.WebTablesTest -->
