<?xml version="1.0" encoding="UTF-8"?>
<!-- Generated by org.testng.reporters.JUnitReportReporter -->
<testsuite hostname="user" failures="0" tests="2" name="com.naveenautomationlabs.AutomationFramework.Tests.MyAccountTest" time="32.913" errors="0" timestamp="2023-07-09T17:33:34 EDT" skipped="0">
  <testcase classname="com.naveenautomationlabs.AutomationFramework.Tests.MyAccountTest" name="validateRegisterUsingValidCredentials" time="19.680"/>
  <system-out/>
  <testcase classname="com.naveenautomationlabs.AutomationFramework.Tests.MyAccountTest" name="validateLogin" time="13.233"/>
  <system-out/>
</testsuite> <!-- com.naveenautomationlabs.AutomationFramework.Tests.MyAccountTest -->
