<?xml version="1.0" encoding="UTF-8"?>
<!-- Generated by org.testng.reporters.JUnitReportReporter -->
<testsuite hostname="user" failures="0" tests="1" name="com.naveenautomationlabs.AutomationFramework.Tests.MyWishListTableTest" time="11.262" errors="0" timestamp="2023-06-29T17:47:43 EDT" skipped="0">
  <testcase classname="com.naveenautomationlabs.AutomationFramework.Tests.MyWishListTableTest" name="validateMyWishListTable" time="11.262"/>
  <system-out/>
</testsuite> <!-- com.naveenautomationlabs.AutomationFramework.Tests.MyWishListTableTest -->
