<?xml version="1.0" encoding="UTF-8"?>
<!-- Generated by org.testng.reporters.JUnitReportReporter -->
<testsuite hostname="user" failures="0" tests="1" name="com.naveenautomationlabs.AutomationFramework.Tests.MyAccountTest" time="7.234" errors="0" timestamp="2023-07-09T18:25:57 EDT" skipped="0">
  <testcase classname="com.naveenautomationlabs.AutomationFramework.Tests.MyAccountTest" name="validateLogin" time="7.234"/>
  <system-out/>
</testsuite> <!-- com.naveenautomationlabs.AutomationFramework.Tests.MyAccountTest -->
