<?xml version="1.0" encoding="UTF-8"?>
<!-- Generated by org.testng.reporters.JUnitReportReporter -->
<testsuite hostname="user" failures="0" tests="2" name="com.naveenautomationlabs.AutomationFramework.Tests.MyAccountTest" time="16.050" errors="0" timestamp="09 Jul. 2023 22:11:58 GMT" skipped="0">
  <testcase classname="com.naveenautomationlabs.AutomationFramework.Tests.MyAccountTest" name="validateLogin" time="8.529"/>
  <testcase classname="com.naveenautomationlabs.AutomationFramework.Tests.MyAccountTest" name="validateRegisterUsingValidCredentials" time="7.521"/>
</testsuite> <!-- com.naveenautomationlabs.AutomationFramework.Tests.MyAccountTest -->
